TN:
SF:C:\Users\mnayebare\Desktop\Spring2018\fse\esn\backup\working backup\development_codebase\app.js
FN:26,(anonymous_0)
FN:70,(anonymous_1)
FN:75,(anonymous_2)
FN:103,(anonymous_3)
FN:124,start
FN:128,(anonymous_5)
FNF:6
FNH:3
FNDA:1,(anonymous_0)
FNDA:0,(anonymous_1)
FNDA:0,(anonymous_2)
FNDA:0,(anonymous_3)
FNDA:1,start
FNDA:1,(anonymous_5)
DA:16,1
DA:17,1
DA:18,1
DA:19,1
DA:20,1
DA:21,1
DA:22,1
DA:23,1
DA:25,1
DA:26,1
DA:27,1
DA:30,1
DA:32,1
DA:43,1
DA:44,1
DA:45,1
DA:51,1
DA:58,1
DA:67,1
DA:68,1
DA:70,1
DA:71,0
DA:75,0
DA:76,0
DA:79,0
DA:80,0
DA:81,0
DA:83,0
DA:87,0
DA:89,0
DA:93,0
DA:98,0
DA:103,0
DA:106,0
DA:108,0
DA:110,0
DA:111,0
DA:112,0
DA:113,0
DA:114,0
DA:115,0
DA:126,1
DA:127,1
DA:128,1
DA:129,1
DA:134,1
DA:136,1
LF:47
LH:27
BRDA:25,0,0,1
BRDA:25,0,1,1
BRDA:76,1,0,0
BRDA:76,1,1,0
BRDA:111,2,0,0
BRDA:111,2,1,0
BRDA:127,3,0,1
BRDA:127,3,1,1
BRF:8
BRH:4
end_of_record
TN:
SF:C:\Users\mnayebare\Desktop\Spring2018\fse\esn\backup\working backup\development_codebase\routes.js
FN:29,(anonymous_0)
FN:38,(anonymous_1)
FN:39,(anonymous_2)
FN:49,(anonymous_3)
FN:50,(anonymous_4)
FN:61,(anonymous_5)
FN:62,(anonymous_6)
FN:71,(anonymous_7)
FN:73,(anonymous_8)
FN:83,(anonymous_9)
FN:85,(anonymous_10)
FN:96,(anonymous_11)
FN:97,(anonymous_12)
FN:106,(anonymous_13)
FN:118,(anonymous_14)
FN:129,(anonymous_15)
FN:142,(anonymous_16)
FN:144,(anonymous_17)
FN:154,(anonymous_18)
FN:156,(anonymous_19)
FN:160,(anonymous_20)
FN:167,(anonymous_21)
FN:168,(anonymous_22)
FN:177,(anonymous_23)
FN:178,(anonymous_24)
FN:188,(anonymous_25)
FN:189,(anonymous_26)
FN:198,(anonymous_27)
FN:199,(anonymous_28)
FN:209,(anonymous_29)
FN:210,(anonymous_30)
FN:219,(anonymous_31)
FN:220,(anonymous_32)
FN:230,(anonymous_33)
FN:231,(anonymous_34)
FN:235,(anonymous_35)
FN:241,(anonymous_36)
FN:243,(anonymous_37)
FN:253,(anonymous_38)
FN:255,(anonymous_39)
FN:265,(anonymous_40)
FN:268,(anonymous_41)
FN:273,(anonymous_42)
FN:287,(anonymous_43)
FN:289,(anonymous_44)
FN:294,(anonymous_45)
FN:297,(anonymous_46)
FN:303,(anonymous_47)
FN:307,(anonymous_48)
FN:314,(anonymous_49)
FN:319,(anonymous_50)
FN:325,(anonymous_51)
FN:326,(anonymous_52)
FN:335,(anonymous_53)
FN:336,(anonymous_54)
FN:337,(anonymous_55)
FN:338,(anonymous_56)
FN:339,(anonymous_57)
FN:340,(anonymous_58)
FN:341,(anonymous_59)
FN:342,(anonymous_60)
FN:343,(anonymous_61)
FN:344,(anonymous_62)
FN:345,(anonymous_63)
FN:346,(anonymous_64)
FN:347,(anonymous_65)
FN:348,(anonymous_66)
FN:349,(anonymous_67)
FN:350,(anonymous_68)
FN:351,(anonymous_69)
FN:355,(anonymous_70)
FN:356,(anonymous_71)
FN:357,(anonymous_72)
FN:358,(anonymous_73)
FN:359,(anonymous_74)
FN:360,(anonymous_75)
FN:361,(anonymous_76)
FN:362,(anonymous_77)
FN:363,(anonymous_78)
FN:364,(anonymous_79)
FN:368,(anonymous_80)
FNF:81
FNH:0
FNDA:0,(anonymous_0)
FNDA:0,(anonymous_1)
FNDA:0,(anonymous_2)
FNDA:0,(anonymous_3)
FNDA:0,(anonymous_4)
FNDA:0,(anonymous_5)
FNDA:0,(anonymous_6)
FNDA:0,(anonymous_7)
FNDA:0,(anonymous_8)
FNDA:0,(anonymous_9)
FNDA:0,(anonymous_10)
FNDA:0,(anonymous_11)
FNDA:0,(anonymous_12)
FNDA:0,(anonymous_13)
FNDA:0,(anonymous_14)
FNDA:0,(anonymous_15)
FNDA:0,(anonymous_16)
FNDA:0,(anonymous_17)
FNDA:0,(anonymous_18)
FNDA:0,(anonymous_19)
FNDA:0,(anonymous_20)
FNDA:0,(anonymous_21)
FNDA:0,(anonymous_22)
FNDA:0,(anonymous_23)
FNDA:0,(anonymous_24)
FNDA:0,(anonymous_25)
FNDA:0,(anonymous_26)
FNDA:0,(anonymous_27)
FNDA:0,(anonymous_28)
FNDA:0,(anonymous_29)
FNDA:0,(anonymous_30)
FNDA:0,(anonymous_31)
FNDA:0,(anonymous_32)
FNDA:0,(anonymous_33)
FNDA:0,(anonymous_34)
FNDA:0,(anonymous_35)
FNDA:0,(anonymous_36)
FNDA:0,(anonymous_37)
FNDA:0,(anonymous_38)
FNDA:0,(anonymous_39)
FNDA:0,(anonymous_40)
FNDA:0,(anonymous_41)
FNDA:0,(anonymous_42)
FNDA:0,(anonymous_43)
FNDA:0,(anonymous_44)
FNDA:0,(anonymous_45)
FNDA:0,(anonymous_46)
FNDA:0,(anonymous_47)
FNDA:0,(anonymous_48)
FNDA:0,(anonymous_49)
FNDA:0,(anonymous_50)
FNDA:0,(anonymous_51)
FNDA:0,(anonymous_52)
FNDA:0,(anonymous_53)
FNDA:0,(anonymous_54)
FNDA:0,(anonymous_55)
FNDA:0,(anonymous_56)
FNDA:0,(anonymous_57)
FNDA:0,(anonymous_58)
FNDA:0,(anonymous_59)
FNDA:0,(anonymous_60)
FNDA:0,(anonymous_61)
FNDA:0,(anonymous_62)
FNDA:0,(anonymous_63)
FNDA:0,(anonymous_64)
FNDA:0,(anonymous_65)
FNDA:0,(anonymous_66)
FNDA:0,(anonymous_67)
FNDA:0,(anonymous_68)
FNDA:0,(anonymous_69)
FNDA:0,(anonymous_70)
FNDA:0,(anonymous_71)
FNDA:0,(anonymous_72)
FNDA:0,(anonymous_73)
FNDA:0,(anonymous_74)
FNDA:0,(anonymous_75)
FNDA:0,(anonymous_76)
FNDA:0,(anonymous_77)
FNDA:0,(anonymous_78)
FNDA:0,(anonymous_79)
FNDA:0,(anonymous_80)
DA:1,1
DA:2,1
DA:3,1
DA:4,1
DA:5,1
DA:6,1
DA:7,1
DA:8,1
DA:9,1
DA:10,1
DA:11,1
DA:12,1
DA:13,1
DA:14,1
DA:15,1
DA:16,1
DA:17,1
DA:18,1
DA:19,1
DA:20,1
DA:21,1
DA:22,1
DA:23,1
DA:29,1
DA:30,0
DA:31,0
DA:32,0
DA:33,0
DA:34,0
DA:38,1
DA:39,0
DA:40,0
DA:41,0
DA:44,0
DA:49,1
DA:50,0
DA:51,0
DA:52,0
DA:54,0
DA:61,1
DA:62,0
DA:63,0
DA:64,0
DA:66,0
DA:71,1
DA:72,0
DA:73,0
DA:74,0
DA:75,0
DA:77,0
DA:83,1
DA:84,0
DA:85,0
DA:86,0
DA:87,0
DA:89,0
DA:96,1
DA:97,0
DA:98,0
DA:99,0
DA:101,0
DA:106,1
DA:107,0
DA:108,0
DA:109,0
DA:110,0
DA:111,0
DA:117,0
DA:118,0
DA:119,0
DA:120,0
DA:121,0
DA:122,0
DA:127,0
DA:129,0
DA:130,0
DA:131,0
DA:132,0
DA:134,0
DA:135,0
DA:142,1
DA:143,0
DA:144,0
DA:145,0
DA:146,0
DA:148,0
DA:154,1
DA:155,0
DA:156,0
DA:157,0
DA:158,0
DA:160,0
DA:161,0
DA:167,1
DA:168,0
DA:169,0
DA:170,0
DA:172,0
DA:177,1
DA:178,0
DA:179,0
DA:180,0
DA:182,0
DA:183,0
DA:188,1
DA:189,0
DA:190,0
DA:191,0
DA:193,0
DA:198,1
DA:199,0
DA:200,0
DA:201,0
DA:203,0
DA:209,1
DA:210,0
DA:211,0
DA:212,0
DA:214,0
DA:219,1
DA:220,0
DA:221,0
DA:222,0
DA:224,0
DA:227,0
DA:230,1
DA:231,0
DA:232,0
DA:233,0
DA:235,0
DA:236,0
DA:241,1
DA:242,0
DA:243,0
DA:244,0
DA:245,0
DA:247,0
DA:253,1
DA:254,0
DA:255,0
DA:256,0
DA:257,0
DA:259,0
DA:265,1
DA:266,0
DA:267,0
DA:268,0
DA:269,0
DA:273,0
DA:274,0
DA:275,0
DA:277,0
DA:278,0
DA:280,0
DA:287,1
DA:288,0
DA:289,0
DA:290,0
DA:294,1
DA:295,0
DA:296,0
DA:297,0
DA:298,0
DA:303,1
DA:304,0
DA:305,0
DA:306,0
DA:307,0
DA:308,0
DA:314,1
DA:315,0
DA:316,0
DA:317,0
DA:318,0
DA:319,0
DA:320,0
DA:325,1
DA:326,0
DA:327,0
DA:328,0
DA:330,0
DA:335,1
DA:336,1
DA:337,1
DA:338,1
DA:339,1
DA:340,1
DA:341,1
DA:342,1
DA:343,1
DA:344,1
DA:345,1
DA:346,1
DA:347,1
DA:348,1
DA:349,1
DA:350,1
DA:351,1
DA:352,0
DA:353,0
DA:355,1
DA:356,1
DA:357,1
DA:358,1
DA:359,1
DA:360,1
DA:361,1
DA:362,1
DA:363,1
DA:364,1
DA:365,0
DA:366,0
DA:368,1
DA:371,1
LF:214
LH:77
BRDA:33,0,0,0
BRDA:33,0,1,0
BRDA:40,1,0,0
BRDA:40,1,1,0
BRDA:51,2,0,0
BRDA:51,2,1,0
BRDA:63,3,0,0
BRDA:63,3,1,0
BRDA:74,4,0,0
BRDA:74,4,1,0
BRDA:86,5,0,0
BRDA:86,5,1,0
BRDA:98,6,0,0
BRDA:98,6,1,0
BRDA:108,7,0,0
BRDA:108,7,1,0
BRDA:117,8,0,0
BRDA:117,8,1,0
BRDA:117,9,0,0
BRDA:117,9,1,0
BRDA:117,9,2,0
BRDA:127,10,0,0
BRDA:127,10,1,0
BRDA:127,11,0,0
BRDA:127,11,1,0
BRDA:127,11,2,0
BRDA:127,11,3,0
BRDA:130,12,0,0
BRDA:130,12,1,0
BRDA:145,13,0,0
BRDA:145,13,1,0
BRDA:157,14,0,0
BRDA:157,14,1,0
BRDA:169,15,0,0
BRDA:169,15,1,0
BRDA:179,16,0,0
BRDA:179,16,1,0
BRDA:190,17,0,0
BRDA:190,17,1,0
BRDA:200,18,0,0
BRDA:200,18,1,0
BRDA:211,19,0,0
BRDA:211,19,1,0
BRDA:221,20,0,0
BRDA:221,20,1,0
BRDA:232,21,0,0
BRDA:232,21,1,0
BRDA:244,22,0,0
BRDA:244,22,1,0
BRDA:256,23,0,0
BRDA:256,23,1,0
BRDA:267,24,0,0
BRDA:267,24,1,0
BRDA:269,25,0,0
BRDA:269,25,1,0
BRDA:274,26,0,0
BRDA:274,26,1,0
BRDA:277,27,0,0
BRDA:277,27,1,0
BRDA:290,28,0,0
BRDA:290,28,1,0
BRDA:298,29,0,0
BRDA:298,29,1,0
BRDA:306,30,0,0
BRDA:306,30,1,0
BRDA:308,31,0,0
BRDA:308,31,1,0
BRDA:317,32,0,0
BRDA:317,32,1,0
BRDA:320,33,0,0
BRDA:320,33,1,0
BRDA:327,34,0,0
BRDA:327,34,1,0
BRF:73
BRH:0
end_of_record
TN:
SF:C:\Users\mnayebare\Desktop\Spring2018\fse\esn\backup\working backup\development_codebase\controllers\ChatController.js
FN:18,postAnnouncement
FN:22,(anonymous_1)
FN:25,(anonymous_2)
FN:28,broadcastAnnouncement
FN:37,getLatestAnnouncements
FN:39,(anonymous_5)
FN:46,(anonymous_6)
FN:54,getSearchesInAnnouncements
FN:57,(anonymous_8)
FN:65,(anonymous_9)
FN:74,postMessage
FN:90,(anonymous_11)
FN:93,(anonymous_12)
FN:99,sendMessage
FN:100,(anonymous_14)
FN:110,(anonymous_15)
FN:114,getLatestMessagesAndStatusCode
FN:116,(anonymous_17)
FN:122,(anonymous_18)
FN:124,(anonymous_19)
FN:127,(anonymous_20)
FN:133,appendStatusCodeToMessage
FN:150,getSearchesInPublicMessages
FN:153,(anonymous_23)
FN:156,(anonymous_24)
FN:158,(anonymous_25)
FN:161,(anonymous_26)
FN:167,getSearchesInPrivateMessages
FN:170,(anonymous_28)
FN:173,(anonymous_29)
FN:175,(anonymous_30)
FN:178,(anonymous_31)
FN:181,(anonymous_32)
FN:182,(anonymous_33)
FNF:34
FNH:0
FNDA:0,postAnnouncement
FNDA:0,(anonymous_1)
FNDA:0,(anonymous_2)
FNDA:0,broadcastAnnouncement
FNDA:0,getLatestAnnouncements
FNDA:0,(anonymous_5)
FNDA:0,(anonymous_6)
FNDA:0,getSearchesInAnnouncements
FNDA:0,(anonymous_8)
FNDA:0,(anonymous_9)
FNDA:0,postMessage
FNDA:0,(anonymous_11)
FNDA:0,(anonymous_12)
FNDA:0,sendMessage
FNDA:0,(anonymous_14)
FNDA:0,(anonymous_15)
FNDA:0,getLatestMessagesAndStatusCode
FNDA:0,(anonymous_17)
FNDA:0,(anonymous_18)
FNDA:0,(anonymous_19)
FNDA:0,(anonymous_20)
FNDA:0,appendStatusCodeToMessage
FNDA:0,getSearchesInPublicMessages
FNDA:0,(anonymous_23)
FNDA:0,(anonymous_24)
FNDA:0,(anonymous_25)
FNDA:0,(anonymous_26)
FNDA:0,getSearchesInPrivateMessages
FNDA:0,(anonymous_28)
FNDA:0,(anonymous_29)
FNDA:0,(anonymous_30)
FNDA:0,(anonymous_31)
FNDA:0,(anonymous_32)
FNDA:0,(anonymous_33)
DA:3,1
DA:4,1
DA:5,1
DA:6,1
DA:7,1
DA:8,1
DA:9,1
DA:18,1
DA:19,0
DA:20,0
DA:21,0
DA:22,0
DA:23,0
DA:24,0
DA:25,0
DA:29,0
DA:30,0
DA:37,1
DA:38,0
DA:39,0
DA:40,0
DA:41,0
DA:42,0
DA:45,0
DA:46,0
DA:54,1
DA:55,0
DA:57,0
DA:59,0
DA:60,0
DA:61,0
DA:64,0
DA:65,0
DA:74,1
DA:77,0
DA:78,0
DA:79,0
DA:80,0
DA:81,0
DA:82,0
DA:84,0
DA:85,0
DA:88,0
DA:89,0
DA:90,0
DA:91,0
DA:92,0
DA:93,0
DA:100,0
DA:101,0
DA:103,0
DA:104,0
DA:106,0
DA:107,0
DA:108,0
DA:114,1
DA:115,0
DA:116,0
DA:117,0
DA:118,0
DA:119,0
DA:122,0
DA:123,0
DA:124,0
DA:126,0
DA:135,0
DA:137,0
DA:138,0
DA:139,0
DA:141,0
DA:142,0
DA:144,0
DA:150,1
DA:152,0
DA:153,0
DA:154,0
DA:155,0
DA:156,0
DA:157,0
DA:158,0
DA:160,0
DA:161,0
DA:167,1
DA:169,0
DA:170,0
DA:171,0
DA:172,0
DA:173,0
DA:174,0
DA:175,0
DA:177,0
DA:178,0
DA:181,1
DA:182,0
DA:183,0
LF:95
LH:15
BRDA:77,0,0,0
BRDA:77,0,1,0
BRDA:80,1,0,0
BRDA:80,1,1,0
BRDA:101,2,0,0
BRDA:101,2,1,0
BRDA:106,3,0,0
BRDA:106,3,1,0
BRDA:138,4,0,0
BRDA:138,4,1,0
BRDA:183,5,0,0
BRDA:183,5,1,0
BRDA:183,6,0,0
BRDA:183,6,1,0
BRF:14
BRH:0
end_of_record
TN:
SF:C:\Users\mnayebare\Desktop\Spring2018\fse\esn\backup\working backup\development_codebase\controllers\DB_Controller.js
FN:10,regsterNewUser
FN:12,(anonymous_1)
FN:15,getUserList
FN:16,(anonymous_3)
FN:22,isUserExists
FN:24,(anonymous_5)
FN:27,userLogin
FN:35,(anonymous_7)
FN:56,getUserSortedList
FN:57,(anonymous_9)
FN:60,updateOnlineStatusForLogin
FN:62,(anonymous_11)
FN:65,verifyUserOnline
FN:66,(anonymous_13)
FN:69,AssignUserSocketId
FN:70,(anonymous_15)
FN:73,updateOnlineStatusForLogout
FN:74,(anonymous_17)
FN:78,updateOnlineStatusForLogoutbySocketID
FN:79,(anonymous_19)
FNF:20
FNH:0
FNDA:0,regsterNewUser
FNDA:0,(anonymous_1)
FNDA:0,getUserList
FNDA:0,(anonymous_3)
FNDA:0,isUserExists
FNDA:0,(anonymous_5)
FNDA:0,userLogin
FNDA:0,(anonymous_7)
FNDA:0,getUserSortedList
FNDA:0,(anonymous_9)
FNDA:0,updateOnlineStatusForLogin
FNDA:0,(anonymous_11)
FNDA:0,verifyUserOnline
FNDA:0,(anonymous_13)
FNDA:0,AssignUserSocketId
FNDA:0,(anonymous_15)
FNDA:0,updateOnlineStatusForLogout
FNDA:0,(anonymous_17)
FNDA:0,updateOnlineStatusForLogoutbySocketID
FNDA:0,(anonymous_19)
DA:1,1
DA:2,1
DA:3,1
DA:4,1
DA:5,1
DA:6,1
DA:7,1
DA:10,1
DA:11,0
DA:12,0
DA:15,1
DA:16,0
DA:17,0
DA:18,0
DA:22,1
DA:23,0
DA:24,0
DA:27,1
DA:28,0
DA:29,0
DA:30,0
DA:31,0
DA:32,0
DA:33,0
DA:34,0
DA:35,0
DA:36,0
DA:37,0
DA:38,0
DA:40,0
DA:41,0
DA:42,0
DA:43,0
DA:45,0
DA:46,0
DA:49,0
DA:50,0
DA:56,1
DA:57,0
DA:60,1
DA:61,0
DA:62,0
DA:65,1
DA:66,0
DA:69,1
DA:70,0
DA:73,1
DA:74,0
DA:78,1
DA:79,0
LF:50
LH:17
BRDA:17,0,0,0
BRDA:17,0,1,0
BRDA:36,1,0,0
BRDA:36,1,1,0
BRDA:40,2,0,0
BRDA:40,2,1,0
BRDA:42,3,0,0
BRDA:42,3,1,0
BRF:8
BRH:0
end_of_record
TN:
SF:C:\Users\mnayebare\Desktop\Spring2018\fse\esn\backup\working backup\development_codebase\controllers\DonationController.js
FN:15,saveEmergency
FN:22,(anonymous_1)
FN:24,(anonymous_2)
FN:37,getEmergencies
FN:39,(anonymous_4)
FN:42,(anonymous_5)
FN:55,getEmergencies
FN:57,(anonymous_7)
FN:60,(anonymous_8)
FN:76,donateToEmergency
FN:78,(anonymous_10)
FN:80,(anonymous_11)
FNF:12
FNH:2
FNDA:0,saveEmergency
FNDA:0,(anonymous_1)
FNDA:0,(anonymous_2)
FNDA:1,getEmergencies
FNDA:1,(anonymous_4)
FNDA:0,(anonymous_5)
FNDA:0,getEmergencies
FNDA:0,(anonymous_7)
FNDA:0,(anonymous_8)
FNDA:0,donateToEmergency
FNDA:0,(anonymous_10)
FNDA:0,(anonymous_11)
DA:1,1
DA:15,1
DA:16,0
DA:17,0
DA:21,0
DA:22,0
DA:23,0
DA:25,0
DA:26,0
DA:37,1
DA:38,1
DA:39,1
DA:40,1
DA:41,1
DA:43,0
DA:44,0
DA:55,1
DA:56,0
DA:57,0
DA:58,0
DA:59,0
DA:61,0
DA:62,0
DA:76,1
DA:77,0
DA:78,0
DA:79,0
DA:81,0
DA:82,0
LF:29
LH:9
BRF:0
BRH:0
end_of_record
TN:
SF:C:\Users\mnayebare\Desktop\Spring2018\fse\esn\backup\working backup\development_codebase\controllers\ERController.js
FN:9,getERMetadata
FN:13,(anonymous_1)
FN:30,saveER
FN:45,(anonymous_3)
FN:49,(anonymous_4)
FN:56,removeER
FN:58,(anonymous_6)
FNF:7
FNH:0
FNDA:0,getERMetadata
FNDA:0,(anonymous_1)
FNDA:0,saveER
FNDA:0,(anonymous_3)
FNDA:0,(anonymous_4)
FNDA:0,removeER
FNDA:0,(anonymous_6)
DA:9,1
DA:12,0
DA:13,0
DA:15,0
DA:18,0
DA:20,0
DA:24,0
DA:30,1
DA:37,0
DA:38,0
DA:39,0
DA:40,0
DA:41,0
DA:42,0
DA:45,0
DA:47,0
DA:51,0
DA:56,1
DA:58,0
DA:60,0
LF:20
LH:3
BRDA:18,0,0,0
BRDA:18,0,1,0
BRF:2
BRH:0
end_of_record
TN:
SF:C:\Users\mnayebare\Desktop\Spring2018\fse\esn\backup\working backup\development_codebase\controllers\InforSearchingController.js
FN:8,getUsersByCriteria
FN:9,(anonymous_1)
FN:13,(anonymous_2)
FN:17,(anonymous_3)
FN:25,getSearchesInAnnouncements
FN:26,(anonymous_5)
FN:29,(anonymous_6)
FN:35,(anonymous_7)
FN:44,getSearchesInPublicMessages
FN:45,(anonymous_9)
FN:48,(anonymous_10)
FN:53,(anonymous_11)
FN:63,getSearchesInPrivateMessages
FN:64,(anonymous_13)
FN:68,(anonymous_14)
FN:73,(anonymous_15)
FN:93,searchStopWords
FNF:17
FNH:0
FNDA:0,getUsersByCriteria
FNDA:0,(anonymous_1)
FNDA:0,(anonymous_2)
FNDA:0,(anonymous_3)
FNDA:0,getSearchesInAnnouncements
FNDA:0,(anonymous_5)
FNDA:0,(anonymous_6)
FNDA:0,(anonymous_7)
FNDA:0,getSearchesInPublicMessages
FNDA:0,(anonymous_9)
FNDA:0,(anonymous_10)
FNDA:0,(anonymous_11)
FNDA:0,getSearchesInPrivateMessages
FNDA:0,(anonymous_13)
FNDA:0,(anonymous_14)
FNDA:0,(anonymous_15)
FNDA:0,searchStopWords
DA:1,1
DA:2,1
DA:3,1
DA:4,1
DA:5,1
DA:6,1
DA:8,1
DA:9,0
DA:10,0
DA:11,0
DA:13,0
DA:14,0
DA:15,0
DA:16,0
DA:18,0
DA:19,0
DA:25,1
DA:26,0
DA:27,0
DA:29,0
DA:30,0
DA:31,0
DA:32,0
DA:34,0
DA:35,0
DA:36,0
DA:37,0
DA:39,0
DA:44,1
DA:45,0
DA:46,0
DA:48,0
DA:49,0
DA:50,0
DA:51,0
DA:53,0
DA:54,0
DA:55,0
DA:57,0
DA:63,1
DA:64,0
DA:65,0
DA:66,0
DA:68,0
DA:69,0
DA:70,0
DA:72,0
DA:73,0
DA:74,0
DA:76,0
DA:84,1
DA:94,0
DA:95,0
DA:96,0
DA:97,0
DA:98,0
DA:99,0
DA:100,0
DA:101,0
DA:105,0
LF:60
LH:11
BRDA:30,0,0,0
BRDA:30,0,1,0
BRDA:49,1,0,0
BRDA:49,1,1,0
BRDA:69,2,0,0
BRDA:69,2,1,0
BRDA:99,3,0,0
BRDA:99,3,1,0
BRF:8
BRH:0
end_of_record
TN:
SF:C:\Users\mnayebare\Desktop\Spring2018\fse\esn\backup\working backup\development_codebase\controllers\JoinCommunity.js
FN:30,registerNewUser
FN:36,(anonymous_1)
FN:40,(anonymous_2)
FN:46,getUserList
FN:48,(anonymous_4)
FN:51,getUserList
FN:53,(anonymous_6)
FN:56,isUserRegistered
FN:58,(anonymous_8)
FN:62,userLogin
FN:64,(anonymous_10)
FN:71,(anonymous_11)
FN:77,(anonymous_12)
FN:88,(anonymous_13)
FN:102,getUserSortedList
FN:104,(anonymous_15)
FN:107,updateOnlineStatusForLogin
FN:109,(anonymous_17)
FN:120,verifyUserOnline
FN:122,(anonymous_19)
FN:125,updateLastStatusCode
FN:127,(anonymous_21)
FN:130,updateOnlineStatusForLogout
FN:132,(anonymous_23)
FN:143,endSession
FN:145,(anonymous_25)
FN:149,addScrumb
FN:152,(anonymous_27)
FN:154,(anonymous_28)
FNF:29
FNH:0
FNDA:0,registerNewUser
FNDA:0,(anonymous_1)
FNDA:0,(anonymous_2)
FNDA:0,getUserList
FNDA:0,(anonymous_4)
FNDA:0,getUserList
FNDA:0,(anonymous_6)
FNDA:0,isUserRegistered
FNDA:0,(anonymous_8)
FNDA:0,userLogin
FNDA:0,(anonymous_10)
FNDA:0,(anonymous_11)
FNDA:0,(anonymous_12)
FNDA:0,(anonymous_13)
FNDA:0,getUserSortedList
FNDA:0,(anonymous_15)
FNDA:0,updateOnlineStatusForLogin
FNDA:0,(anonymous_17)
FNDA:0,verifyUserOnline
FNDA:0,(anonymous_19)
FNDA:0,updateLastStatusCode
FNDA:0,(anonymous_21)
FNDA:0,updateOnlineStatusForLogout
FNDA:0,(anonymous_23)
FNDA:0,endSession
FNDA:0,(anonymous_25)
FNDA:0,addScrumb
FNDA:0,(anonymous_27)
FNDA:0,(anonymous_28)
DA:1,1
DA:18,1
DA:19,1
DA:20,1
DA:21,1
DA:22,1
DA:23,1
DA:24,1
DA:25,1
DA:26,1
DA:27,1
DA:30,1
DA:32,0
DA:33,0
DA:34,0
DA:35,0
DA:36,0
DA:37,0
DA:38,0
DA:40,0
DA:41,0
DA:46,1
DA:47,0
DA:48,0
DA:51,1
DA:52,0
DA:53,0
DA:56,1
DA:57,0
DA:58,0
DA:62,1
DA:63,0
DA:64,0
DA:67,0
DA:68,0
DA:69,0
DA:70,0
DA:71,0
DA:73,0
DA:74,0
DA:75,0
DA:76,0
DA:77,0
DA:78,0
DA:79,0
DA:80,0
DA:81,0
DA:82,0
DA:84,0
DA:85,0
DA:86,0
DA:87,0
DA:88,0
DA:89,0
DA:94,0
DA:95,0
DA:96,0
DA:102,1
DA:103,0
DA:104,0
DA:107,1
DA:108,0
DA:109,0
DA:110,0
DA:111,0
DA:113,0
DA:114,0
DA:115,0
DA:120,1
DA:121,0
DA:122,0
DA:125,1
DA:126,0
DA:127,0
DA:130,1
DA:131,0
DA:132,0
DA:133,0
DA:134,0
DA:136,0
DA:137,0
DA:138,0
DA:143,1
DA:144,0
DA:145,0
DA:149,1
DA:150,0
DA:151,0
DA:152,0
DA:153,0
DA:154,0
LF:91
LH:23
BRDA:37,0,0,0
BRDA:37,0,1,0
BRDA:67,1,0,0
BRDA:67,1,1,0
BRDA:73,2,0,0
BRDA:73,2,1,0
BRDA:78,3,0,0
BRDA:78,3,1,0
BRDA:110,4,0,0
BRDA:110,4,1,0
BRDA:133,5,0,0
BRDA:133,5,1,0
BRF:12
BRH:0
end_of_record
TN:
SF:C:\Users\mnayebare\Desktop\Spring2018\fse\esn\backup\working backup\development_codebase\controllers\ShareStatusController.js
FN:19,updateUserStatusCode
FN:20,(anonymous_1)
FN:27,(anonymous_2)
FN:31,(anonymous_3)
FN:33,(anonymous_4)
FNF:5
FNH:0
FNDA:0,updateUserStatusCode
FNDA:0,(anonymous_1)
FNDA:0,(anonymous_2)
FNDA:0,(anonymous_3)
FNDA:0,(anonymous_4)
DA:7,1
DA:8,1
DA:9,1
DA:10,1
DA:11,1
DA:12,1
DA:13,1
DA:19,1
DA:20,0
DA:22,0
DA:23,0
DA:24,0
DA:25,0
DA:26,0
DA:27,0
DA:28,0
DA:29,0
DA:30,0
DA:31,0
DA:32,0
DA:33,0
LF:21
LH:8
BRF:0
BRH:0
end_of_record
TN:
SF:C:\Users\mnayebare\Desktop\Spring2018\fse\esn\backup\working backup\development_codebase\controllers\SocketController.js
FN:20,(anonymous_0)
FN:25,(anonymous_1)
FN:36,(anonymous_2)
FN:38,(anonymous_3)
FN:55,(anonymous_4)
FNF:5
FNH:0
FNDA:0,(anonymous_0)
FNDA:0,(anonymous_1)
FNDA:0,(anonymous_2)
FNDA:0,(anonymous_3)
FNDA:0,(anonymous_4)
DA:4,1
DA:6,1
DA:21,0
DA:26,0
DA:28,0
DA:29,0
DA:30,0
DA:32,0
DA:33,0
DA:37,0
DA:38,0
DA:39,0
DA:40,0
DA:41,0
DA:42,0
DA:43,0
DA:44,0
DA:56,0
DA:62,1
LF:19
LH:3
BRDA:28,0,0,0
BRDA:28,0,1,0
BRF:2
BRH:0
end_of_record
TN:
SF:C:\Users\mnayebare\Desktop\Spring2018\fse\esn\backup\working backup\development_codebase\controllers\administratorProfileController.js
FN:13,updateUserProfile
FN:16,(anonymous_1)
FNF:2
FNH:0
FNDA:0,updateUserProfile
FNDA:0,(anonymous_1)
DA:1,1
DA:2,1
DA:3,1
DA:4,1
DA:5,1
DA:6,1
DA:7,1
DA:8,1
DA:9,1
DA:10,1
DA:13,1
DA:14,0
DA:15,0
DA:16,0
DA:17,0
DA:18,0
DA:19,0
LF:17
LH:11
BRF:0
BRH:0
end_of_record
TN:
SF:C:\Users\mnayebare\Desktop\Spring2018\fse\esn\backup\working backup\development_codebase\controllers\emergencygroup.js
FN:30,createNewGroup
FN:33,(anonymous_1)
FN:38,addNewGroupFriend
FN:41,(anonymous_3)
FN:46,GetFriendReport
FN:48,(anonymous_5)
FN:55,updateFriendGroupStatus
FN:65,(anonymous_7)
FN:70,getCitizenGroup
FN:72,(anonymous_9)
FN:79,getFriendGroupListByCitizen
FN:81,(anonymous_11)
FN:87,getListAllStatuscrumb
FN:88,(anonymous_13)
FNF:14
FNH:0
FNDA:0,createNewGroup
FNDA:0,(anonymous_1)
FNDA:0,addNewGroupFriend
FNDA:0,(anonymous_3)
FNDA:0,GetFriendReport
FNDA:0,(anonymous_5)
FNDA:0,updateFriendGroupStatus
FNDA:0,(anonymous_7)
FNDA:0,getCitizenGroup
FNDA:0,(anonymous_9)
FNDA:0,getFriendGroupListByCitizen
FNDA:0,(anonymous_11)
FNDA:0,getListAllStatuscrumb
FNDA:0,(anonymous_13)
DA:1,1
DA:2,1
DA:4,1
DA:5,1
DA:6,1
DA:7,1
DA:8,1
DA:9,1
DA:10,1
DA:12,1
DA:14,1
DA:15,1
DA:16,1
DA:17,1
DA:18,1
DA:20,1
DA:30,1
DA:31,0
DA:32,0
DA:33,0
DA:34,0
DA:38,1
DA:39,0
DA:40,0
DA:41,0
DA:42,0
DA:46,1
DA:47,0
DA:48,0
DA:49,0
DA:55,1
DA:56,0
DA:57,0
DA:58,0
DA:59,0
DA:60,0
DA:61,0
DA:62,0
DA:63,0
DA:65,0
DA:66,0
DA:70,1
DA:71,0
DA:72,0
DA:73,0
DA:79,1
DA:80,0
DA:81,0
DA:82,0
DA:87,1
DA:88,0
DA:89,0
LF:52
LH:23
BRF:0
BRH:0
end_of_record
TN:
SF:C:\Users\mnayebare\Desktop\Spring2018\fse\esn\backup\working backup\development_codebase\controllers\escalateEmergencyKeywordController.js
FN:23,getLatestHitMessages
FN:24,(anonymous_1)
FN:27,(anonymous_2)
FNF:3
FNH:0
FNDA:0,getLatestHitMessages
FNDA:0,(anonymous_1)
FNDA:0,(anonymous_2)
DA:2,1
DA:9,1
DA:10,1
DA:11,1
DA:12,1
DA:13,1
DA:14,1
DA:15,1
DA:16,1
DA:17,1
DA:18,1
DA:23,1
DA:24,0
DA:25,0
DA:26,0
DA:28,0
DA:29,0
LF:17
LH:12
BRF:0
BRH:0
end_of_record
TN:
SF:C:\Users\mnayebare\Desktop\Spring2018\fse\esn\backup\working backup\development_codebase\middleware\schemas.js
FNF:0
FNH:0
DA:7,1
DA:8,1
DA:9,1
DA:11,1
DA:30,1
DA:42,1
DA:51,1
DA:59,1
DA:68,1
DA:81,1
DA:87,1
DA:100,1
DA:107,1
DA:117,1
DA:118,1
DA:119,1
DA:120,1
DA:121,1
DA:122,1
DA:123,1
DA:124,1
DA:125,1
DA:127,1
DA:130,1
LF:24
LH:24
BRF:0
BRH:0
end_of_record
TN:
SF:C:\Users\mnayebare\Desktop\Spring2018\fse\esn\backup\working backup\development_codebase\models\Announcement.js
FN:10,(anonymous_0)
FN:17,(anonymous_1)
FN:21,(anonymous_2)
FN:25,(anonymous_3)
FN:29,(anonymous_4)
FN:34,(anonymous_5)
FN:43,(anonymous_6)
FN:45,(anonymous_7)
FN:47,(anonymous_8)
FN:64,getLatestAnnouncements
FN:65,(anonymous_10)
FN:66,(anonymous_11)
FN:79,getSearchesInAnnouncements
FN:80,(anonymous_13)
FN:81,(anonymous_14)
FNF:15
FNH:0
FNDA:0,(anonymous_0)
FNDA:0,(anonymous_1)
FNDA:0,(anonymous_2)
FNDA:0,(anonymous_3)
FNDA:0,(anonymous_4)
FNDA:0,(anonymous_5)
FNDA:0,(anonymous_6)
FNDA:0,(anonymous_7)
FNDA:0,(anonymous_8)
FNDA:0,getLatestAnnouncements
FNDA:0,(anonymous_10)
FNDA:0,(anonymous_11)
FNDA:0,getSearchesInAnnouncements
FNDA:0,(anonymous_13)
FNDA:0,(anonymous_14)
DA:3,1
DA:4,1
DA:5,1
DA:11,0
DA:12,0
DA:13,0
DA:14,0
DA:18,0
DA:22,0
DA:26,0
DA:30,0
DA:35,0
DA:44,0
DA:45,0
DA:46,0
DA:47,0
DA:48,0
DA:49,0
DA:55,1
DA:64,1
DA:65,0
DA:66,0
DA:67,0
DA:68,0
DA:79,1
DA:80,0
DA:81,0
DA:82,0
LF:28
LH:6
BRDA:48,0,0,0
BRDA:48,0,1,0
BRDA:67,1,0,0
BRDA:67,1,1,0
BRF:4
BRH:0
end_of_record
TN:
SF:C:\Users\mnayebare\Desktop\Spring2018\fse\esn\backup\working backup\development_codebase\models\Emergency.js
FN:13,(anonymous_0)
FN:20,(anonymous_1)
FN:24,(anonymous_2)
FN:28,(anonymous_3)
FN:32,(anonymous_4)
FN:36,(anonymous_5)
FN:40,(anonymous_6)
FN:44,(anonymous_7)
FN:48,(anonymous_8)
FN:52,(anonymous_9)
FN:62,(anonymous_10)
FN:63,(anonymous_11)
FN:64,(anonymous_12)
FN:79,(anonymous_13)
FN:80,(anonymous_14)
FN:81,(anonymous_15)
FN:96,(anonymous_16)
FN:98,(anonymous_17)
FN:100,(anonymous_18)
FN:114,(anonymous_19)
FN:117,(anonymous_20)
FN:120,(anonymous_21)
FN:121,(anonymous_22)
FN:135,(anonymous_23)
FN:136,(anonymous_24)
FN:137,(anonymous_25)
FNF:26
FNH:9
FNDA:3,(anonymous_0)
FNDA:1,(anonymous_1)
FNDA:0,(anonymous_2)
FNDA:1,(anonymous_3)
FNDA:0,(anonymous_4)
FNDA:1,(anonymous_5)
FNDA:0,(anonymous_6)
FNDA:1,(anonymous_7)
FNDA:0,(anonymous_8)
FNDA:1,(anonymous_9)
FNDA:1,(anonymous_10)
FNDA:1,(anonymous_11)
FNDA:1,(anonymous_12)
FNDA:0,(anonymous_13)
FNDA:0,(anonymous_14)
FNDA:0,(anonymous_15)
FNDA:0,(anonymous_16)
FNDA:0,(anonymous_17)
FNDA:0,(anonymous_18)
FNDA:0,(anonymous_19)
FNDA:0,(anonymous_20)
FNDA:0,(anonymous_21)
FNDA:0,(anonymous_22)
FNDA:0,(anonymous_23)
FNDA:0,(anonymous_24)
FNDA:0,(anonymous_25)
DA:3,1
DA:4,1
DA:5,1
DA:14,3
DA:15,3
DA:16,3
DA:17,3
DA:21,1
DA:25,0
DA:29,1
DA:33,0
DA:37,1
DA:41,0
DA:45,1
DA:49,0
DA:53,1
DA:63,1
DA:64,1
DA:65,1
DA:66,1
DA:80,0
DA:81,0
DA:82,0
DA:83,0
DA:97,0
DA:98,0
DA:99,0
DA:100,0
DA:101,0
DA:102,0
DA:116,0
DA:117,0
DA:118,0
DA:119,0
DA:120,0
DA:121,0
DA:122,0
DA:123,0
DA:136,0
DA:137,0
DA:138,0
DA:139,0
DA:145,1
LF:43
LH:17
BRDA:65,0,0,0
BRDA:65,0,1,1
BRDA:82,1,0,0
BRDA:82,1,1,0
BRDA:101,2,0,0
BRDA:101,2,1,0
BRDA:122,3,0,0
BRDA:122,3,1,0
BRDA:138,4,0,0
BRDA:138,4,1,0
BRF:10
BRH:1
end_of_record
TN:
SF:C:\Users\mnayebare\Desktop\Spring2018\fse\esn\backup\working backup\development_codebase\models\EmergencyRoom.js
FN:12,(anonymous_0)
FN:18,(anonymous_1)
FN:23,(anonymous_2)
FN:28,(anonymous_3)
FN:33,(anonymous_4)
FN:38,(anonymous_5)
FN:43,(anonymous_6)
FN:48,(anonymous_7)
FN:53,(anonymous_8)
FN:59,(anonymous_9)
FN:64,(anonymous_10)
FN:70,(anonymous_11)
FN:75,(anonymous_12)
FN:80,(anonymous_13)
FN:85,(anonymous_14)
FN:89,(anonymous_15)
FN:93,(anonymous_16)
FN:108,(anonymous_17)
FN:110,(anonymous_18)
FN:111,(anonymous_19)
FN:118,(anonymous_20)
FN:120,(anonymous_21)
FN:121,(anonymous_22)
FNF:23
FNH:1
FNDA:1,(anonymous_0)
FNDA:0,(anonymous_1)
FNDA:0,(anonymous_2)
FNDA:0,(anonymous_3)
FNDA:0,(anonymous_4)
FNDA:0,(anonymous_5)
FNDA:0,(anonymous_6)
FNDA:0,(anonymous_7)
FNDA:0,(anonymous_8)
FNDA:0,(anonymous_9)
FNDA:0,(anonymous_10)
FNDA:0,(anonymous_11)
FNDA:0,(anonymous_12)
FNDA:0,(anonymous_13)
FNDA:0,(anonymous_14)
FNDA:0,(anonymous_15)
FNDA:0,(anonymous_16)
FNDA:0,(anonymous_17)
FNDA:0,(anonymous_18)
FNDA:0,(anonymous_19)
FNDA:0,(anonymous_20)
FNDA:0,(anonymous_21)
FNDA:0,(anonymous_22)
DA:4,1
DA:5,1
DA:6,1
DA:20,0
DA:25,0
DA:30,0
DA:35,0
DA:40,0
DA:45,0
DA:50,0
DA:55,0
DA:61,0
DA:66,0
DA:72,0
DA:77,0
DA:81,0
DA:87,0
DA:89,0
DA:91,0
DA:93,0
DA:94,0
DA:96,0
DA:100,0
DA:110,0
DA:111,0
DA:112,0
DA:120,0
DA:121,0
DA:122,0
DA:129,1
LF:30
LH:4
BRDA:94,0,0,0
BRDA:94,0,1,0
BRF:2
BRH:0
end_of_record
TN:
SF:C:\Users\mnayebare\Desktop\Spring2018\fse\esn\backup\working backup\development_codebase\models\Friend.js
FN:12,(anonymous_0)
FN:23,(anonymous_1)
FN:26,(anonymous_2)
FN:29,(anonymous_3)
FN:32,(anonymous_4)
FN:36,(anonymous_5)
FN:39,(anonymous_6)
FN:43,(anonymous_7)
FN:47,(anonymous_8)
FN:51,(anonymous_9)
FN:55,(anonymous_10)
FN:59,(anonymous_11)
FN:63,(anonymous_12)
FN:66,(anonymous_13)
FN:70,(anonymous_14)
FN:74,(anonymous_15)
FN:78,(anonymous_16)
FN:82,(anonymous_17)
FN:86,(anonymous_18)
FN:88,(anonymous_19)
FN:93,(anonymous_20)
FN:94,(anonymous_21)
FN:99,(anonymous_22)
FN:100,(anonymous_23)
FN:106,(anonymous_24)
FN:108,(anonymous_25)
FN:113,(anonymous_26)
FN:114,(anonymous_27)
FNF:28
FNH:0
FNDA:0,(anonymous_0)
FNDA:0,(anonymous_1)
FNDA:0,(anonymous_2)
FNDA:0,(anonymous_3)
FNDA:0,(anonymous_4)
FNDA:0,(anonymous_5)
FNDA:0,(anonymous_6)
FNDA:0,(anonymous_7)
FNDA:0,(anonymous_8)
FNDA:0,(anonymous_9)
FNDA:0,(anonymous_10)
FNDA:0,(anonymous_11)
FNDA:0,(anonymous_12)
FNDA:0,(anonymous_13)
FNDA:0,(anonymous_14)
FNDA:0,(anonymous_15)
FNDA:0,(anonymous_16)
FNDA:0,(anonymous_17)
FNDA:0,(anonymous_18)
FNDA:0,(anonymous_19)
FNDA:0,(anonymous_20)
FNDA:0,(anonymous_21)
FNDA:0,(anonymous_22)
FNDA:0,(anonymous_23)
FNDA:0,(anonymous_24)
FNDA:0,(anonymous_25)
FNDA:0,(anonymous_26)
FNDA:0,(anonymous_27)
DA:4,1
DA:5,1
DA:6,1
DA:7,1
DA:9,1
DA:13,0
DA:14,0
DA:15,0
DA:16,0
DA:17,0
DA:18,0
DA:19,0
DA:20,0
DA:24,0
DA:27,0
DA:30,0
DA:33,0
DA:37,0
DA:40,0
DA:44,0
DA:48,0
DA:52,0
DA:56,0
DA:60,0
DA:64,0
DA:67,0
DA:71,0
DA:75,0
DA:79,0
DA:83,0
DA:87,0
DA:88,0
DA:89,0
DA:94,0
DA:95,0
DA:100,0
DA:101,0
DA:107,0
DA:108,0
DA:109,0
DA:114,0
DA:115,0
DA:120,1
LF:43
LH:6
BRF:0
BRH:0
end_of_record
TN:
SF:C:\Users\mnayebare\Desktop\Spring2018\fse\esn\backup\working backup\development_codebase\models\Group.js
FN:11,(anonymous_0)
FN:19,(anonymous_1)
FN:22,(anonymous_2)
FN:26,(anonymous_3)
FN:29,(anonymous_4)
FN:33,(anonymous_5)
FN:37,(anonymous_6)
FN:41,(anonymous_7)
FN:45,(anonymous_8)
FN:47,(anonymous_9)
FN:52,(anonymous_10)
FN:53,(anonymous_11)
FN:58,(anonymous_12)
FN:59,(anonymous_13)
FNF:14
FNH:0
FNDA:0,(anonymous_0)
FNDA:0,(anonymous_1)
FNDA:0,(anonymous_2)
FNDA:0,(anonymous_3)
FNDA:0,(anonymous_4)
FNDA:0,(anonymous_5)
FNDA:0,(anonymous_6)
FNDA:0,(anonymous_7)
FNDA:0,(anonymous_8)
FNDA:0,(anonymous_9)
FNDA:0,(anonymous_10)
FNDA:0,(anonymous_11)
FNDA:0,(anonymous_12)
FNDA:0,(anonymous_13)
DA:2,1
DA:3,1
DA:4,1
DA:5,1
DA:6,1
DA:13,0
DA:14,0
DA:15,0
DA:20,0
DA:23,0
DA:27,0
DA:30,0
DA:34,0
DA:38,0
DA:42,0
DA:46,0
DA:47,0
DA:48,0
DA:53,0
DA:54,0
DA:59,0
DA:60,0
DA:65,1
LF:23
LH:6
BRF:0
BRH:0
end_of_record
TN:
SF:C:\Users\mnayebare\Desktop\Spring2018\fse\esn\backup\working backup\development_codebase\models\Message.js
FN:11,(anonymous_0)
FN:20,(anonymous_1)
FN:24,(anonymous_2)
FN:28,(anonymous_3)
FN:32,(anonymous_4)
FN:36,(anonymous_5)
FN:40,(anonymous_6)
FN:49,(anonymous_7)
FN:53,(anonymous_8)
FN:57,(anonymous_9)
FN:75,getLatestMessages
FN:77,(anonymous_11)
FN:79,(anonymous_12)
FN:83,(anonymous_13)
FN:88,(anonymous_14)
FN:96,searchInPublicMessages
FN:97,(anonymous_16)
FN:98,(anonymous_17)
FN:104,searchInPrivateMessages
FN:105,(anonymous_19)
FN:106,(anonymous_20)
FN:113,getLatestHitMessages
FN:114,(anonymous_22)
FN:115,(anonymous_23)
FNF:24
FNH:0
FNDA:0,(anonymous_0)
FNDA:0,(anonymous_1)
FNDA:0,(anonymous_2)
FNDA:0,(anonymous_3)
FNDA:0,(anonymous_4)
FNDA:0,(anonymous_5)
FNDA:0,(anonymous_6)
FNDA:0,(anonymous_7)
FNDA:0,(anonymous_8)
FNDA:0,(anonymous_9)
FNDA:0,getLatestMessages
FNDA:0,(anonymous_11)
FNDA:0,(anonymous_12)
FNDA:0,(anonymous_13)
FNDA:0,(anonymous_14)
FNDA:0,searchInPublicMessages
FNDA:0,(anonymous_16)
FNDA:0,(anonymous_17)
FNDA:0,searchInPrivateMessages
FNDA:0,(anonymous_19)
FNDA:0,(anonymous_20)
FNDA:0,getLatestHitMessages
FNDA:0,(anonymous_22)
FNDA:0,(anonymous_23)
DA:6,1
DA:7,1
DA:8,1
DA:12,0
DA:13,0
DA:14,0
DA:15,0
DA:16,0
DA:17,0
DA:21,0
DA:25,0
DA:29,0
DA:33,0
DA:37,0
DA:41,0
DA:51,0
DA:53,0
DA:55,0
DA:57,0
DA:58,0
DA:64,1
DA:75,1
DA:77,0
DA:78,0
DA:79,0
DA:80,0
DA:82,0
DA:83,0
DA:84,0
DA:87,0
DA:89,0
DA:96,1
DA:97,0
DA:98,0
DA:99,0
DA:104,1
DA:105,0
DA:106,0
DA:107,0
DA:113,1
DA:114,0
DA:115,0
DA:116,0
DA:117,0
DA:120,0
LF:45
LH:8
BRDA:78,0,0,0
BRDA:78,0,1,0
BRDA:82,1,0,0
BRDA:82,1,1,0
BRDA:116,2,0,0
BRDA:116,2,1,0
BRF:6
BRH:0
end_of_record
TN:
SF:C:\Users\mnayebare\Desktop\Spring2018\fse\esn\backup\working backup\development_codebase\models\StatusCrumb.js
FN:11,(anonymous_0)
FN:20,(anonymous_1)
FN:24,(anonymous_2)
FN:28,(anonymous_3)
FN:35,(anonymous_4)
FN:46,(anonymous_5)
FN:48,(anonymous_6)
FN:50,(anonymous_7)
FN:70,getLatestStatusCode
FN:71,(anonymous_9)
FN:73,(anonymous_10)
FN:80,getAllStatuscode
FN:82,(anonymous_12)
FNF:13
FNH:0
FNDA:0,(anonymous_0)
FNDA:0,(anonymous_1)
FNDA:0,(anonymous_2)
FNDA:0,(anonymous_3)
FNDA:0,(anonymous_4)
FNDA:0,(anonymous_5)
FNDA:0,(anonymous_6)
FNDA:0,(anonymous_7)
FNDA:0,getLatestStatusCode
FNDA:0,(anonymous_9)
FNDA:0,(anonymous_10)
FNDA:0,getAllStatuscode
FNDA:0,(anonymous_12)
DA:6,1
DA:7,1
DA:8,1
DA:12,0
DA:13,0
DA:14,0
DA:15,0
DA:21,0
DA:25,0
DA:29,0
DA:36,0
DA:47,0
DA:48,0
DA:49,0
DA:50,0
DA:51,0
DA:52,0
DA:60,1
DA:70,1
DA:71,0
DA:72,0
DA:74,0
DA:75,0
DA:80,1
DA:82,0
DA:83,0
LF:26
LH:6
BRDA:51,0,0,0
BRDA:51,0,1,0
BRDA:74,1,0,0
BRDA:74,1,1,0
BRF:4
BRH:0
end_of_record
TN:
SF:C:\Users\mnayebare\Desktop\Spring2018\fse\esn\backup\working backup\development_codebase\models\User.js
FN:17,(anonymous_0)
FN:39,(anonymous_1)
FN:43,(anonymous_2)
FN:47,(anonymous_3)
FN:51,(anonymous_4)
FN:55,(anonymous_5)
FN:59,(anonymous_6)
FN:63,(anonymous_7)
FN:67,(anonymous_8)
FN:71,(anonymous_9)
FN:75,(anonymous_10)
FN:79,(anonymous_11)
FN:82,(anonymous_12)
FN:86,(anonymous_13)
FN:89,(anonymous_14)
FN:92,(anonymous_15)
FN:95,(anonymous_16)
FN:99,(anonymous_17)
FN:102,(anonymous_18)
FN:106,(anonymous_19)
FN:109,(anonymous_20)
FN:113,(anonymous_21)
FN:118,(anonymous_22)
FN:119,(anonymous_23)
FN:124,(anonymous_24)
FN:125,(anonymous_25)
FN:130,(anonymous_26)
FN:131,(anonymous_27)
FN:136,(anonymous_28)
FN:139,(anonymous_29)
FN:145,(anonymous_30)
FN:146,(anonymous_31)
FN:152,(anonymous_32)
FN:153,(anonymous_33)
FN:159,(anonymous_34)
FN:160,(anonymous_35)
FN:165,(anonymous_36)
FN:166,(anonymous_37)
FN:171,(anonymous_38)
FN:172,(anonymous_39)
FN:176,(anonymous_40)
FN:177,(anonymous_41)
FN:180,(anonymous_42)
FN:181,(anonymous_43)
FN:185,(anonymous_44)
FN:186,(anonymous_45)
FN:193,(anonymous_46)
FN:194,(anonymous_47)
FN:206,(anonymous_48)
FN:207,(anonymous_49)
FN:214,(anonymous_50)
FN:222,(anonymous_51)
FN:236,updateUserStatusCode
FN:237,(anonymous_53)
FN:238,(anonymous_54)
FN:251,getUsersByCriteria
FN:253,(anonymous_56)
FN:254,(anonymous_57)
FN:260,(anonymous_58)
FN:261,(anonymous_59)
FNF:60
FNH:0
FNDA:0,(anonymous_0)
FNDA:0,(anonymous_1)
FNDA:0,(anonymous_2)
FNDA:0,(anonymous_3)
FNDA:0,(anonymous_4)
FNDA:0,(anonymous_5)
FNDA:0,(anonymous_6)
FNDA:0,(anonymous_7)
FNDA:0,(anonymous_8)
FNDA:0,(anonymous_9)
FNDA:0,(anonymous_10)
FNDA:0,(anonymous_11)
FNDA:0,(anonymous_12)
FNDA:0,(anonymous_13)
FNDA:0,(anonymous_14)
FNDA:0,(anonymous_15)
FNDA:0,(anonymous_16)
FNDA:0,(anonymous_17)
FNDA:0,(anonymous_18)
FNDA:0,(anonymous_19)
FNDA:0,(anonymous_20)
FNDA:0,(anonymous_21)
FNDA:0,(anonymous_22)
FNDA:0,(anonymous_23)
FNDA:0,(anonymous_24)
FNDA:0,(anonymous_25)
FNDA:0,(anonymous_26)
FNDA:0,(anonymous_27)
FNDA:0,(anonymous_28)
FNDA:0,(anonymous_29)
FNDA:0,(anonymous_30)
FNDA:0,(anonymous_31)
FNDA:0,(anonymous_32)
FNDA:0,(anonymous_33)
FNDA:0,(anonymous_34)
FNDA:0,(anonymous_35)
FNDA:0,(anonymous_36)
FNDA:0,(anonymous_37)
FNDA:0,(anonymous_38)
FNDA:0,(anonymous_39)
FNDA:0,(anonymous_40)
FNDA:0,(anonymous_41)
FNDA:0,(anonymous_42)
FNDA:0,(anonymous_43)
FNDA:0,(anonymous_44)
FNDA:0,(anonymous_45)
FNDA:0,(anonymous_46)
FNDA:0,(anonymous_47)
FNDA:0,(anonymous_48)
FNDA:0,(anonymous_49)
FNDA:0,(anonymous_50)
FNDA:0,(anonymous_51)
FNDA:0,updateUserStatusCode
FNDA:0,(anonymous_53)
FNDA:0,(anonymous_54)
FNDA:0,getUsersByCriteria
FNDA:0,(anonymous_56)
FNDA:0,(anonymous_57)
FNDA:0,(anonymous_58)
FNDA:0,(anonymous_59)
DA:2,1
DA:4,1
DA:5,1
DA:6,1
DA:7,1
DA:8,1
DA:9,1
DA:20,0
DA:21,0
DA:22,0
DA:23,0
DA:24,0
DA:25,0
DA:26,0
DA:27,0
DA:28,0
DA:29,0
DA:30,0
DA:31,0
DA:32,0
DA:33,0
DA:34,0
DA:35,0
DA:40,0
DA:44,0
DA:48,0
DA:52,0
DA:56,0
DA:60,0
DA:64,0
DA:68,0
DA:72,0
DA:76,0
DA:80,0
DA:83,0
DA:87,0
DA:90,0
DA:93,0
DA:96,0
DA:100,0
DA:103,0
DA:107,0
DA:110,0
DA:114,0
DA:119,0
DA:120,0
DA:125,0
DA:126,0
DA:131,0
DA:132,0
DA:137,0
DA:138,0
DA:139,0
DA:140,0
DA:146,0
DA:147,0
DA:153,0
DA:154,0
DA:160,0
DA:161,0
DA:166,0
DA:167,0
DA:172,0
DA:177,0
DA:181,0
DA:186,0
DA:187,0
DA:194,0
DA:196,0
DA:207,0
DA:208,0
DA:215,0
DA:216,0
DA:217,0
DA:218,0
DA:219,0
DA:220,0
DA:222,0
DA:223,0
DA:224,0
DA:225,0
DA:227,0
DA:228,0
DA:235,1
DA:236,1
DA:237,0
DA:238,0
DA:239,0
DA:240,0
DA:251,1
DA:252,0
DA:253,0
DA:254,0
DA:255,0
DA:259,0
DA:260,0
DA:261,0
DA:262,0
LF:98
LH:10
BRDA:223,0,0,0
BRDA:223,0,1,0
BRDA:239,1,0,0
BRDA:239,1,1,0
BRDA:252,2,0,0
BRDA:252,2,1,0
BRDA:259,3,0,0
BRDA:259,3,1,0
BRF:8
BRH:0
end_of_record
